# JRE version: Java(TM) SE Runtime Environment (8.0_31-b13) (build 1.8.0_31-b13)
# Java VM: Java HotSpot(TM) 64-Bit Server VM (25.31-b07 mixed mode bsd-amd64 compressed oops)
Heap:
 PSYoungGen      total 38400K, used 15612K [0x0000000172d80000, 0x0000000175800000, 0x000000019d800000)
  eden space 33280K, 31% used [0x0000000172d80000,0x00000001737c5118,0x0000000174e00000)
  from space 5120K, 99% used [0x0000000175300000,0x00000001757fa110,0x0000000175800000)
  to   space 5120K, 0% used [0x0000000174e00000,0x0000000174e00000,0x0000000175300000)
 ParOldGen       total 87552K, used 12276K [0x000000011d800000, 0x0000000122d80000, 0x0000000172d80000)
  object space 87552K, 14% used [0x000000011d800000,0x000000011e3fd2a8,0x0000000122d80000)
 Metaspace       used 19557K, capacity 20276K, committed 20480K, reserved 1067008K
  class space    used 2809K, capacity 2945K, committed 3072K, reserved 1048576K
GC Heap History (4 events):
Event: 1.868 GC heap before
{Heap before GC invocations=1 (full 0):
 PSYoungGen      total 38400K, used 33280K [0x0000000172d80000, 0x0000000175800000, 0x000000019d800000)
  eden space 33280K, 100% used [0x0000000172d80000,0x0000000174e00000,0x0000000174e00000)
  from space 5120K, 0% used [0x0000000175300000,0x0000000175300000,0x0000000175800000)
  to   space 5120K, 0% used [0x0000000174e00000,0x0000000174e00000,0x0000000175300000)
 ParOldGen       total 87552K, used 0K [0x000000011d800000, 0x0000000122d80000, 0x0000000172d80000)
  object space 87552K, 0% used [0x000000011d800000,0x000000011d800000,0x0000000122d80000)
 Metaspace       used 16333K, capacity 16808K, committed 17024K, reserved 1064960K
  class space    used 2278K, capacity 2384K, committed 2432K, reserved 1048576K
Event: 1.874 GC heap after
Heap after GC invocations=1 (full 0):
 PSYoungGen      total 38400K, used 5089K [0x0000000172d80000, 0x0000000175800000, 0x000000019d800000)
  eden space 33280K, 0% used [0x0000000172d80000,0x0000000172d80000,0x0000000174e00000)
  from space 5120K, 99% used [0x0000000174e00000,0x00000001752f84d0,0x0000000175300000)
  to   space 5120K, 0% used [0x0000000175300000,0x0000000175300000,0x0000000175800000)
 ParOldGen       total 87552K, used 731K [0x000000011d800000, 0x0000000122d80000, 0x0000000172d80000)
  object space 87552K, 0% used [0x000000011d800000,0x000000011d8b6c18,0x0000000122d80000)
 Metaspace       used 16333K, capacity 16808K, committed 17024K, reserved 1064960K
  class space    used 2278K, capacity 2384K, committed 2432K, reserved 1048576K
}
Event: 6.318 GC heap before
{Heap before GC invocations=2 (full 0):
 PSYoungGen      total 38400K, used 38369K [0x0000000172d80000, 0x0000000175800000, 0x000000019d800000)
  eden space 33280K, 100% used [0x0000000172d80000,0x0000000174e00000,0x0000000174e00000)
  from space 5120K, 99% used [0x0000000174e00000,0x00000001752f84d0,0x0000000175300000)
  to   space 5120K, 0% used [0x0000000175300000,0x0000000175300000,0x0000000175800000)
 ParOldGen       total 87552K, used 731K [0x000000011d800000, 0x0000000122d80000, 0x0000000172d80000)
  object space 87552K, 0% used [0x000000011d800000,0x000000011d8b6c18,0x0000000122d80000)
 Metaspace       used 19385K, capacity 20038K, committed 20096K, reserved 1067008K
  class space    used 2801K, capacity 2936K, committed 2944K, reserved 1048576K
Event: 6.329 GC heap after
Heap after GC invocations=2 (full 0):
 PSYoungGen      total 38400K, used 5096K [0x0000000172d80000, 0x0000000175800000, 0x000000019d800000)
  eden space 33280K, 0% used [0x0000000172d80000,0x0000000172d80000,0x0000000174e00000)
  from space 5120K, 99% used [0x0000000175300000,0x00000001757fa110,0x0000000175800000)
  to   space 5120K, 0% used [0x0000000174e00000,0x0000000174e00000,0x0000000175300000)
 ParOldGen       total 87552K, used 12276K [0x000000011d800000, 0x0000000122d80000, 0x0000000172d80000)
  object space 87552K, 14% used [0x000000011d800000,0x000000011e3fd2a8,0x0000000122d80000)
 Metaspace       used 19385K, capacity 20038K, committed 20096K, reserved 1067008K
  class space    used 2801K, capacity 2936K, committed 2944K, reserved 1048576K
}

