# JRE version: Java(TM) SE Runtime Environment (8.0_31-b13) (build 1.8.0_31-b13)
# Java VM: Java HotSpot(TM) 64-Bit Server VM (25.31-b07 mixed mode bsd-amd64 compressed oops)
Heap:
 PSYoungGen      total 37888K, used 36207K [0x0000000795580000, 0x000000079a280000, 0x00000007c0000000)
  eden space 32768K, 94% used [0x0000000795580000,0x00000007973dd090,0x0000000797580000)
  from space 5120K, 99% used [0x0000000797600000,0x0000000797afee30,0x0000000797b00000)
  to   space 23040K, 0% used [0x0000000798c00000,0x0000000798c00000,0x000000079a280000)
 ParOldGen       total 87552K, used 47498K [0x0000000740000000, 0x0000000745580000, 0x0000000795580000)
  object space 87552K, 54% used [0x0000000740000000,0x0000000742e62940,0x0000000745580000)
 Metaspace       used 19869K, capacity 20748K, committed 20992K, reserved 1067008K
  class space    used 2801K, capacity 2993K, committed 3072K, reserved 1048576K
GC Heap History (10 events):
Event: 1.114 GC heap before
{Heap before GC invocations=1 (full 0):
 PSYoungGen      total 38400K, used 33280K [0x0000000795580000, 0x0000000798000000, 0x00000007c0000000)
  eden space 33280K, 100% used [0x0000000795580000,0x0000000797600000,0x0000000797600000)
  from space 5120K, 0% used [0x0000000797b00000,0x0000000797b00000,0x0000000798000000)
  to   space 5120K, 0% used [0x0000000797600000,0x0000000797600000,0x0000000797b00000)
 ParOldGen       total 87552K, used 0K [0x0000000740000000, 0x0000000745580000, 0x0000000795580000)
  object space 87552K, 0% used [0x0000000740000000,0x0000000740000000,0x0000000745580000)
 Metaspace       used 13197K, capacity 13642K, committed 13824K, reserved 1060864K
  class space    used 1858K, capacity 1986K, committed 2048K, reserved 1048576K
Event: 1.119 GC heap after
Heap after GC invocations=1 (full 0):
 PSYoungGen      total 38400K, used 4288K [0x0000000795580000, 0x0000000798000000, 0x00000007c0000000)
  eden space 33280K, 0% used [0x0000000795580000,0x0000000795580000,0x0000000797600000)
  from space 5120K, 83% used [0x0000000797600000,0x0000000797a30020,0x0000000797b00000)
  to   space 5120K, 0% used [0x0000000797b00000,0x0000000797b00000,0x0000000798000000)
 ParOldGen       total 87552K, used 80K [0x0000000740000000, 0x0000000745580000, 0x0000000795580000)
  object space 87552K, 0% used [0x0000000740000000,0x0000000740014010,0x0000000745580000)
 Metaspace       used 13197K, capacity 13642K, committed 13824K, reserved 1060864K
  class space    used 1858K, capacity 1986K, committed 2048K, reserved 1048576K
}
Event: 6.895 GC heap before
{Heap before GC invocations=2 (full 0):
 PSYoungGen      total 38400K, used 37568K [0x0000000795580000, 0x0000000798000000, 0x00000007c0000000)
  eden space 33280K, 100% used [0x0000000795580000,0x0000000797600000,0x0000000797600000)
  from space 5120K, 83% used [0x0000000797600000,0x0000000797a30020,0x0000000797b00000)
  to   space 5120K, 0% used [0x0000000797b00000,0x0000000797b00000,0x0000000798000000)
 ParOldGen       total 87552K, used 80K [0x0000000740000000, 0x0000000745580000, 0x0000000795580000)
  object space 87552K, 0% used [0x0000000740000000,0x0000000740014010,0x0000000745580000)
 Metaspace       used 19204K, capacity 20042K, committed 20224K, reserved 1067008K
  class space    used 2785K, capacity 2984K, committed 3072K, reserved 1048576K
Event: 6.906 GC heap after
Heap after GC invocations=2 (full 0):
 PSYoungGen      total 38400K, used 5108K [0x0000000795580000, 0x0000000798000000, 0x00000007c0000000)
  eden space 33280K, 0% used [0x0000000795580000,0x0000000795580000,0x0000000797600000)
  from space 5120K, 99% used [0x0000000797b00000,0x0000000797ffd1d0,0x0000000798000000)
  to   space 5120K, 0% used [0x0000000797600000,0x0000000797600000,0x0000000797b00000)
 ParOldGen       total 87552K, used 14649K [0x0000000740000000, 0x0000000745580000, 0x0000000795580000)
  object space 87552K, 16% used [0x0000000740000000,0x0000000740e4e480,0x0000000745580000)
 Metaspace       used 19204K, capacity 20042K, committed 20224K, reserved 1067008K
  class space    used 2785K, capacity 2984K, committed 3072K, reserved 1048576K
}
Event: 11.099 GC heap before
{Heap before GC invocations=3 (full 0):
 PSYoungGen      total 38400K, used 38388K [0x0000000795580000, 0x0000000798000000, 0x00000007c0000000)
  eden space 33280K, 100% used [0x0000000795580000,0x0000000797600000,0x0000000797600000)
  from space 5120K, 99% used [0x0000000797b00000,0x0000000797ffd1d0,0x0000000798000000)
  to   space 5120K, 0% used [0x0000000797600000,0x0000000797600000,0x0000000797b00000)
 ParOldGen       total 87552K, used 14649K [0x0000000740000000, 0x0000000745580000, 0x0000000795580000)
  object space 87552K, 16% used [0x0000000740000000,0x0000000740e4e480,0x0000000745580000)
 Metaspace       used 19539K, capacity 20400K, committed 20736K, reserved 1067008K
  class space    used 2797K, capacity 2987K, committed 3072K, reserved 1048576K
Event: 11.108 GC heap after
Heap after GC invocations=3 (full 0):
 PSYoungGen      total 38400K, used 5103K [0x0000000795580000, 0x0000000798000000, 0x00000007c0000000)
  eden space 33280K, 0% used [0x0000000795580000,0x0000000795580000,0x0000000797600000)
  from space 5120K, 99% used [0x0000000797600000,0x0000000797afbd90,0x0000000797b00000)
  to   space 5120K, 0% used [0x0000000797b00000,0x0000000797b00000,0x0000000798000000)
 ParOldGen       total 87552K, used 25758K [0x0000000740000000, 0x0000000745580000, 0x0000000795580000)
  object space 87552K, 29% used [0x0000000740000000,0x0000000741927960,0x0000000745580000)
 Metaspace       used 19539K, capacity 20400K, committed 20736K, reserved 1067008K
  class space    used 2797K, capacity 2987K, committed 3072K, reserved 1048576K
}
Event: 12.110 GC heap before
{Heap before GC invocations=4 (full 0):
 PSYoungGen      total 38400K, used 38383K [0x0000000795580000, 0x0000000798000000, 0x00000007c0000000)
  eden space 33280K, 100% used [0x0000000795580000,0x0000000797600000,0x0000000797600000)
  from space 5120K, 99% used [0x0000000797600000,0x0000000797afbd90,0x0000000797b00000)
  to   space 5120K, 0% used [0x0000000797b00000,0x0000000797b00000,0x0000000798000000)
 ParOldGen       total 87552K, used 25758K [0x0000000740000000, 0x0000000745580000, 0x0000000795580000)
  object space 87552K, 29% used [0x0000000740000000,0x0000000741927960,0x0000000745580000)
 Metaspace       used 19615K, capacity 20528K, committed 20736K, reserved 1067008K
  class space    used 2797K, capacity 2987K, committed 3072K, reserved 1048576K
Event: 12.120 GC heap after
Heap after GC invocations=4 (full 0):
 PSYoungGen      total 38400K, used 5116K [0x0000000795580000, 0x0000000798000000, 0x00000007c0000000)
  eden space 33280K, 0% used [0x0000000795580000,0x0000000795580000,0x0000000797600000)
  from space 5120K, 99% used [0x0000000797b00000,0x0000000797fff210,0x0000000798000000)
  to   space 5120K, 0% used [0x0000000797600000,0x0000000797600000,0x0000000797b00000)
 ParOldGen       total 87552K, used 37965K [0x0000000740000000, 0x0000000745580000, 0x0000000795580000)
  object space 87552K, 43% used [0x0000000740000000,0x0000000742513600,0x0000000745580000)
 Metaspace       used 19615K, capacity 20528K, committed 20736K, reserved 1067008K
  class space    used 2797K, capacity 2987K, committed 3072K, reserved 1048576K
}
Event: 15.557 GC heap before
{Heap before GC invocations=5 (full 0):
 PSYoungGen      total 38400K, used 38341K [0x0000000795580000, 0x0000000798000000, 0x00000007c0000000)
  eden space 33280K, 99% used [0x0000000795580000,0x00000007975f2540,0x0000000797600000)
  from space 5120K, 99% used [0x0000000797b00000,0x0000000797fff210,0x0000000798000000)
  to   space 5120K, 0% used [0x0000000797600000,0x0000000797600000,0x0000000797b00000)
 ParOldGen       total 87552K, used 37965K [0x0000000740000000, 0x0000000745580000, 0x0000000795580000)
  object space 87552K, 43% used [0x0000000740000000,0x0000000742513600,0x0000000745580000)
 Metaspace       used 19795K, capacity 20720K, committed 20992K, reserved 1067008K
  class space    used 2798K, capacity 2987K, committed 3072K, reserved 1048576K
Event: 15.566 GC heap after
Heap after GC invocations=5 (full 0):
 PSYoungGen      total 37888K, used 5115K [0x0000000795580000, 0x000000079a280000, 0x00000007c0000000)
  eden space 32768K, 0% used [0x0000000795580000,0x0000000795580000,0x0000000797580000)
  from space 5120K, 99% used [0x0000000797600000,0x0000000797afee30,0x0000000797b00000)
  to   space 23040K, 0% used [0x0000000798c00000,0x0000000798c00000,0x000000079a280000)
 ParOldGen       total 87552K, used 47498K [0x0000000740000000, 0x0000000745580000, 0x0000000795580000)
  object space 87552K, 54% used [0x0000000740000000,0x0000000742e62940,0x0000000745580000)
 Metaspace       used 19795K, capacity 20720K, committed 20992K, reserved 1067008K
  class space    used 2798K, capacity 2987K, committed 3072K, reserved 1048576K
}

