# JRE version: Java(TM) SE Runtime Environment (8.0_31-b13) (build 1.8.0_31-b13)
# Java VM: Java HotSpot(TM) 64-Bit Server VM (25.31-b07 mixed mode bsd-amd64 compressed oops)
Heap:
 PSYoungGen      total 38400K, used 7701K [0x0000000172d80000, 0x0000000177880000, 0x000000019d800000)
  eden space 33280K, 23% used [0x0000000172d80000,0x0000000173505688,0x0000000174e00000)
  from space 5120K, 0% used [0x0000000174e00000,0x0000000174e00000,0x0000000175300000)
  to   space 5120K, 0% used [0x0000000177380000,0x0000000177380000,0x0000000177880000)
 ParOldGen       total 69632K, used 14036K [0x000000011d800000, 0x0000000121c00000, 0x0000000172d80000)
  object space 69632K, 20% used [0x000000011d800000,0x000000011e5b51e0,0x0000000121c00000)
 Metaspace       used 20911K, capacity 21863K, committed 22192K, reserved 1069056K
  class space    used 2964K, capacity 3165K, committed 3248K, reserved 1048576K
GC Heap History (8 events):
Event: 2.243 GC heap before
{Heap before GC invocations=1 (full 0):
 PSYoungGen      total 38400K, used 33280K [0x0000000172d80000, 0x0000000175800000, 0x000000019d800000)
  eden space 33280K, 100% used [0x0000000172d80000,0x0000000174e00000,0x0000000174e00000)
  from space 5120K, 0% used [0x0000000175300000,0x0000000175300000,0x0000000175800000)
  to   space 5120K, 0% used [0x0000000174e00000,0x0000000174e00000,0x0000000175300000)
 ParOldGen       total 87552K, used 0K [0x000000011d800000, 0x0000000122d80000, 0x0000000172d80000)
  object space 87552K, 0% used [0x000000011d800000,0x000000011d800000,0x0000000122d80000)
 Metaspace       used 16303K, capacity 16780K, committed 17024K, reserved 1064960K
  class space    used 2267K, capacity 2352K, committed 2432K, reserved 1048576K
Event: 2.248 GC heap after
Heap after GC invocations=1 (full 0):
 PSYoungGen      total 38400K, used 5105K [0x0000000172d80000, 0x0000000175800000, 0x000000019d800000)
  eden space 33280K, 0% used [0x0000000172d80000,0x0000000172d80000,0x0000000174e00000)
  from space 5120K, 99% used [0x0000000174e00000,0x00000001752fc4e0,0x0000000175300000)
  to   space 5120K, 0% used [0x0000000175300000,0x0000000175300000,0x0000000175800000)
 ParOldGen       total 87552K, used 686K [0x000000011d800000, 0x0000000122d80000, 0x0000000172d80000)
  object space 87552K, 0% used [0x000000011d800000,0x000000011d8ab8d0,0x0000000122d80000)
 Metaspace       used 16303K, capacity 16780K, committed 17024K, reserved 1064960K
  class space    used 2267K, capacity 2352K, committed 2432K, reserved 1048576K
}
Event: 9.297 GC heap before
{Heap before GC invocations=2 (full 0):
 PSYoungGen      total 38400K, used 38385K [0x0000000172d80000, 0x0000000175800000, 0x000000019d800000)
  eden space 33280K, 100% used [0x0000000172d80000,0x0000000174e00000,0x0000000174e00000)
  from space 5120K, 99% used [0x0000000174e00000,0x00000001752fc4e0,0x0000000175300000)
  to   space 5120K, 0% used [0x0000000175300000,0x0000000175300000,0x0000000175800000)
 ParOldGen       total 87552K, used 686K [0x000000011d800000, 0x0000000122d80000, 0x0000000172d80000)
  object space 87552K, 0% used [0x000000011d800000,0x000000011d8ab8d0,0x0000000122d80000)
 Metaspace       used 19799K, capacity 20534K, committed 20736K, reserved 1067008K
  class space    used 2844K, capacity 3010K, committed 3072K, reserved 1048576K
Event: 9.307 GC heap after
Heap after GC invocations=2 (full 0):
 PSYoungGen      total 38400K, used 5089K [0x0000000172d80000, 0x0000000175800000, 0x000000019d800000)
  eden space 33280K, 0% used [0x0000000172d80000,0x0000000172d80000,0x0000000174e00000)
  from space 5120K, 99% used [0x0000000175300000,0x00000001757f84d0,0x0000000175800000)
  to   space 5120K, 0% used [0x0000000174e00000,0x0000000174e00000,0x0000000175300000)
 ParOldGen       total 87552K, used 13528K [0x000000011d800000, 0x0000000122d80000, 0x0000000172d80000)
  object space 87552K, 15% used [0x000000011d800000,0x000000011e5360a0,0x0000000122d80000)
 Metaspace       used 19799K, capacity 20534K, committed 20736K, reserved 1067008K
  class space    used 2844K, capacity 3010K, committed 3072K, reserved 1048576K
}
Event: 9.414 GC heap before
{Heap before GC invocations=3 (full 0):
 PSYoungGen      total 38400K, used 14970K [0x0000000172d80000, 0x0000000175800000, 0x000000019d800000)
  eden space 33280K, 29% used [0x0000000172d80000,0x0000000173726688,0x0000000174e00000)
  from space 5120K, 99% used [0x0000000175300000,0x00000001757f84d0,0x0000000175800000)
  to   space 5120K, 0% used [0x0000000174e00000,0x0000000174e00000,0x0000000175300000)
 ParOldGen       total 87552K, used 13528K [0x000000011d800000, 0x0000000122d80000, 0x0000000172d80000)
  object space 87552K, 15% used [0x000000011d800000,0x000000011e5360a0,0x0000000122d80000)
 Metaspace       used 20351K, capacity 21187K, committed 21296K, reserved 1067008K
  class space    used 2945K, capacity 3120K, committed 3120K, reserved 1048576K
Event: 9.419 GC heap after
Heap after GC invocations=3 (full 0):
 PSYoungGen      total 38400K, used 5105K [0x0000000172d80000, 0x0000000177880000, 0x000000019d800000)
  eden space 33280K, 0% used [0x0000000172d80000,0x0000000172d80000,0x0000000174e00000)
  from space 5120K, 99% used [0x0000000174e00000,0x00000001752fc4e0,0x0000000175300000)
  to   space 5120K, 0% used [0x0000000177380000,0x0000000177380000,0x0000000177880000)
 ParOldGen       total 87552K, used 13928K [0x000000011d800000, 0x0000000122d80000, 0x0000000172d80000)
  object space 87552K, 15% used [0x000000011d800000,0x000000011e59a0a0,0x0000000122d80000)
 Metaspace       used 20351K, capacity 21187K, committed 21296K, reserved 1067008K
  class space    used 2945K, capacity 3120K, committed 3120K, reserved 1048576K
}
Event: 9.419 GC heap before
{Heap before GC invocations=4 (full 1):
 PSYoungGen      total 38400K, used 5105K [0x0000000172d80000, 0x0000000177880000, 0x000000019d800000)
  eden space 33280K, 0% used [0x0000000172d80000,0x0000000172d80000,0x0000000174e00000)
  from space 5120K, 99% used [0x0000000174e00000,0x00000001752fc4e0,0x0000000175300000)
  to   space 5120K, 0% used [0x0000000177380000,0x0000000177380000,0x0000000177880000)
 ParOldGen       total 87552K, used 13928K [0x000000011d800000, 0x0000000122d80000, 0x0000000172d80000)
  object space 87552K, 15% used [0x000000011d800000,0x000000011e59a0a0,0x0000000122d80000)
 Metaspace       used 20351K, capacity 21187K, committed 21296K, reserved 1067008K
  class space    used 2945K, capacity 3120K, committed 3120K, reserved 1048576K
Event: 9.454 GC heap after
Heap after GC invocations=4 (full 1):
 PSYoungGen      total 38400K, used 0K [0x0000000172d80000, 0x0000000177880000, 0x000000019d800000)
  eden space 33280K, 0% used [0x0000000172d80000,0x0000000172d80000,0x0000000174e00000)
  from space 5120K, 0% used [0x0000000174e00000,0x0000000174e00000,0x0000000175300000)
  to   space 5120K, 0% used [0x0000000177380000,0x0000000177380000,0x0000000177880000)
 ParOldGen       total 69632K, used 14036K [0x000000011d800000, 0x0000000121c00000, 0x0000000172d80000)
  object space 69632K, 20% used [0x000000011d800000,0x000000011e5b51e0,0x0000000121c00000)
 Metaspace       used 20350K, capacity 21185K, committed 21296K, reserved 1067008K
  class space    used 2944K, capacity 3119K, committed 3120K, reserved 1048576K
}

